<?xml version="1.0" encoding="UTF-8"?>
<coverage generated="1761379561277" clover="3.2.0">
  <project timestamp="1761379561277" name="All files">
    <metrics statements="49" coveredstatements="42" conditionals="5" coveredconditionals="5" methods="11" coveredmethods="11" elements="65" coveredelements="58" complexity="0" loc="49" ncloc="49" packages="1" files="1" classes="1"/>
    <file name="use-countdown.ts" path="/Users/huzz/workspace/alpha/procrastination-killer/procrastination-killer-frontend/src/hooks/use-countdown.ts">
      <metrics statements="49" coveredstatements="42" conditionals="5" coveredconditionals="5" methods="11" coveredmethods="11"/>
      <line num="36" count="28" type="stmt"/>
      <line num="39" count="28" type="stmt"/>
      <line num="40" count="28" type="stmt"/>
      <line num="41" count="28" type="stmt"/>
      <line num="42" count="28" type="stmt"/>
      <line num="45" count="28" type="stmt"/>
      <line num="47" count="28" type="stmt"/>
      <line num="50" count="28" type="stmt"/>
      <line num="51" count="10" type="stmt"/>
      <line num="55" count="28" type="stmt"/>
      <line num="56" count="17" type="stmt"/>
      <line num="64" count="28" type="stmt"/>
      <line num="66" count="8" type="stmt"/>
      <line num="67" count="8" type="stmt"/>
      <line num="72" count="28" type="stmt"/>
      <line num="74" count="22" type="stmt"/>
      <line num="78" count="8" type="stmt"/>
      <line num="79" count="36" type="stmt"/>
      <line num="81" count="36" type="stmt"/>
      <line num="84" count="0" type="stmt"/>
      <line num="85" count="0" type="stmt"/>
      <line num="86" count="0" type="stmt"/>
      <line num="88" count="0" type="stmt"/>
      <line num="89" count="0" type="stmt"/>
      <line num="97" count="22" type="stmt"/>
      <line num="102" count="28" type="stmt"/>
      <line num="105" count="0" type="stmt"/>
      <line num="106" count="0" type="stmt"/>
      <line num="108" count="8" type="stmt"/>
      <line num="109" count="8" type="stmt"/>
      <line num="113" count="28" type="stmt"/>
      <line num="114" count="2" type="stmt"/>
      <line num="115" count="2" type="stmt"/>
      <line num="119" count="28" type="stmt"/>
      <line num="120" count="1" type="stmt"/>
      <line num="121" count="1" type="stmt"/>
      <line num="122" count="1" type="stmt"/>
      <line num="126" count="28" type="stmt"/>
      <line num="127" count="1" type="stmt"/>
      <line num="128" count="1" type="stmt"/>
      <line num="129" count="1" type="stmt"/>
      <line num="130" count="1" type="stmt"/>
      <line num="134" count="28" type="stmt"/>
      <line num="135" count="1" type="stmt"/>
      <line num="136" count="1" type="stmt"/>
      <line num="137" count="1" type="stmt"/>
      <line num="138" count="1" type="stmt"/>
      <line num="139" count="1" type="stmt"/>
      <line num="142" count="28" type="stmt"/>
    </file>
  </project>
</coverage>
