{"/Users/huzz/workspace/alpha/procrastination-killer/procrastination-killer-frontend/src/hooks/use-countdown.ts": {"path":"/Users/huzz/workspace/alpha/procrastination-killer/procrastination-killer-frontend/src/hooks/use-countdown.ts","statementMap":{"0":{"start":{"line":36,"column":30},"end":{"line":36,"column":null}},"1":{"start":{"line":39,"column":23},"end":{"line":39,"column":71}},"2":{"start":{"line":40,"column":20},"end":{"line":40,"column":51}},"3":{"start":{"line":41,"column":19},"end":{"line":41,"column":49}},"4":{"start":{"line":42,"column":18},"end":{"line":42,"column":47}},"5":{"start":{"line":45,"column":8},"end":{"line":45,"column":49}},"6":{"start":{"line":47,"column":8},"end":{"line":47,"column":42}},"7":{"start":{"line":50,"column":2},"end":{"line":52,"column":null}},"8":{"start":{"line":51,"column":4},"end":{"line":51,"column":null}},"9":{"start":{"line":55,"column":19},"end":{"line":60,"column":null}},"10":{"start":{"line":56,"column":11},"end":{"line":59,"column":null}},"11":{"start":{"line":64,"column":8},"end":{"line":69,"column":8}},"12":{"start":{"line":66,"column":6},"end":{"line":66,"column":null}},"13":{"start":{"line":67,"column":6},"end":{"line":67,"column":null}},"14":{"start":{"line":72,"column":2},"end":{"line":99,"column":null}},"15":{"start":{"line":74,"column":4},"end":{"line":74,"column":null}},"16":{"start":{"line":78,"column":6},"end":{"line":92,"column":null}},"17":{"start":{"line":79,"column":8},"end":{"line":91,"column":null}},"18":{"start":{"line":81,"column":12},"end":{"line":81,"column":null}},"19":{"start":{"line":84,"column":12},"end":{"line":84,"column":null}},"20":{"start":{"line":85,"column":12},"end":{"line":85,"column":null}},"21":{"start":{"line":86,"column":12},"end":{"line":86,"column":null}},"22":{"start":{"line":88,"column":12},"end":{"line":88,"column":null}},"23":{"start":{"line":89,"column":12},"end":{"line":89,"column":null}},"24":{"start":{"line":97,"column":6},"end":{"line":97,"column":null}},"25":{"start":{"line":102,"column":8},"end":{"line":110,"column":36}},"26":{"start":{"line":105,"column":6},"end":{"line":105,"column":null}},"27":{"start":{"line":106,"column":6},"end":{"line":106,"column":null}},"28":{"start":{"line":108,"column":4},"end":{"line":108,"column":null}},"29":{"start":{"line":109,"column":4},"end":{"line":109,"column":null}},"30":{"start":{"line":113,"column":8},"end":{"line":116,"column":8}},"31":{"start":{"line":114,"column":4},"end":{"line":114,"column":null}},"32":{"start":{"line":115,"column":4},"end":{"line":115,"column":null}},"33":{"start":{"line":119,"column":8},"end":{"line":123,"column":8}},"34":{"start":{"line":120,"column":4},"end":{"line":120,"column":null}},"35":{"start":{"line":121,"column":4},"end":{"line":121,"column":null}},"36":{"start":{"line":122,"column":4},"end":{"line":122,"column":null}},"37":{"start":{"line":126,"column":8},"end":{"line":131,"column":27}},"38":{"start":{"line":127,"column":4},"end":{"line":127,"column":null}},"39":{"start":{"line":128,"column":4},"end":{"line":128,"column":null}},"40":{"start":{"line":129,"column":4},"end":{"line":129,"column":null}},"41":{"start":{"line":130,"column":4},"end":{"line":130,"column":null}},"42":{"start":{"line":134,"column":8},"end":{"line":140,"column":8}},"43":{"start":{"line":135,"column":28},"end":{"line":135,"column":null}},"44":{"start":{"line":136,"column":4},"end":{"line":136,"column":null}},"45":{"start":{"line":137,"column":4},"end":{"line":137,"column":null}},"46":{"start":{"line":138,"column":4},"end":{"line":138,"column":null}},"47":{"start":{"line":139,"column":4},"end":{"line":139,"column":null}},"48":{"start":{"line":142,"column":2},"end":{"line":161,"column":null}}},"fnMap":{"0":{"name":"(anonymous_0)","decl":{"start":{"line":50,"column":2},"end":{"line":50,"column":18}},"loc":{"start":{"line":50,"column":18},"end":{"line":52,"column":6}},"line":50},"1":{"name":"(anonymous_1)","decl":{"start":{"line":55,"column":31},"end":{"line":55,"column":null}},"loc":{"start":{"line":56,"column":11},"end":{"line":59,"column":null}},"line":56},"2":{"name":"(anonymous_2)","decl":{"start":{"line":64,"column":21},"end":{"line":64,"column":39}},"loc":{"start":{"line":64,"column":39},"end":{"line":69,"column":7}},"line":64},"3":{"name":"(anonymous_3)","decl":{"start":{"line":72,"column":2},"end":{"line":72,"column":18}},"loc":{"start":{"line":72,"column":18},"end":{"line":99,"column":6}},"line":72},"4":{"name":"(anonymous_4)","decl":{"start":{"line":78,"column":35},"end":{"line":78,"column":53}},"loc":{"start":{"line":78,"column":53},"end":{"line":92,"column":14}},"line":78},"5":{"name":"(anonymous_5)","decl":{"start":{"line":79,"column":8},"end":{"line":79,"column":25}},"loc":{"start":{"line":79,"column":46},"end":{"line":91,"column":null}},"line":79},"6":{"name":"(anonymous_6)","decl":{"start":{"line":102,"column":16},"end":{"line":102,"column":34}},"loc":{"start":{"line":102,"column":34},"end":{"line":110,"column":6}},"line":102},"7":{"name":"(anonymous_7)","decl":{"start":{"line":113,"column":16},"end":{"line":113,"column":34}},"loc":{"start":{"line":113,"column":34},"end":{"line":116,"column":7}},"line":113},"8":{"name":"(anonymous_8)","decl":{"start":{"line":119,"column":15},"end":{"line":119,"column":33}},"loc":{"start":{"line":119,"column":33},"end":{"line":123,"column":7}},"line":119},"9":{"name":"(anonymous_9)","decl":{"start":{"line":126,"column":16},"end":{"line":126,"column":34}},"loc":{"start":{"line":126,"column":34},"end":{"line":131,"column":6}},"line":126},"10":{"name":"(anonymous_10)","decl":{"start":{"line":134,"column":18},"end":{"line":134,"column":31}},"loc":{"start":{"line":134,"column":68},"end":{"line":140,"column":7}},"line":134}},"branchMap":{"0":{"loc":{"start":{"line":30,"column":29},"end":{"line":34,"column":27}},"type":"default-arg","locations":[{"start":{"line":34,"column":25},"end":{"line":34,"column":27}}],"line":30},"1":{"loc":{"start":{"line":31,"column":2},"end":{"line":31,"column":null}},"type":"default-arg","locations":[{"start":{"line":31,"column":19},"end":{"line":31,"column":null}}],"line":31},"2":{"loc":{"start":{"line":32,"column":2},"end":{"line":32,"column":null}},"type":"default-arg","locations":[{"start":{"line":32,"column":19},"end":{"line":32,"column":null}}],"line":32},"3":{"loc":{"start":{"line":77,"column":8},"end":{"line":77,"column":32}},"type":"binary-expr","locations":[{"start":{"line":77,"column":8},"end":{"line":77,"column":21}},{"start":{"line":77,"column":21},"end":{"line":77,"column":32}}],"line":77}},"s":{"0":28,"1":28,"2":28,"3":28,"4":28,"5":28,"6":28,"7":28,"8":10,"9":28,"10":17,"11":28,"12":8,"13":8,"14":28,"15":22,"16":8,"17":36,"18":36,"19":0,"20":0,"21":0,"22":0,"23":0,"24":22,"25":28,"26":0,"27":0,"28":8,"29":8,"30":28,"31":2,"32":2,"33":28,"34":1,"35":1,"36":1,"37":28,"38":1,"39":1,"40":1,"41":1,"42":28,"43":1,"44":1,"45":1,"46":1,"47":1,"48":28},"f":{"0":10,"1":17,"2":44,"3":22,"4":36,"5":36,"6":8,"7":2,"8":1,"9":1,"10":1},"b":{"0":[28],"1":[28],"2":[28],"3":[22,8]},"meta":{"lastBranch":4,"lastFunction":11,"lastStatement":49,"seen":{"b:34:25:34:27":0,"b:31:19:31:Infinity":1,"b:32:19:32:Infinity":2,"s:36:30:36:Infinity":0,"s:39:23:39:71":1,"s:40:20:40:51":2,"s:41:19:41:49":3,"s:42:18:42:47":4,"s:45:8:45:49":5,"s:47:8:47:42":6,"s:50:2:52:Infinity":7,"f:50:2:50:18":0,"s:51:4:51:Infinity":8,"s:55:19:60:Infinity":9,"f:55:31:55:Infinity":1,"s:56:11:59:Infinity":10,"s:64:8:69:8":11,"f:64:21:64:39":2,"s:66:6:66:Infinity":12,"s:67:6:67:Infinity":13,"s:72:2:99:Infinity":14,"f:72:2:72:18":3,"s:74:4:74:Infinity":15,"b:77:8:77:21:77:21:77:32":3,"s:78:6:92:Infinity":16,"f:78:35:78:53":4,"s:79:8:91:Infinity":17,"f:79:8:79:25":5,"s:81:12:81:Infinity":18,"s:84:12:84:Infinity":19,"s:85:12:85:Infinity":20,"s:86:12:86:Infinity":21,"s:88:12:88:Infinity":22,"s:89:12:89:Infinity":23,"s:97:6:97:Infinity":24,"s:102:8:110:36":25,"f:102:16:102:34":6,"s:105:6:105:Infinity":26,"s:106:6:106:Infinity":27,"s:108:4:108:Infinity":28,"s:109:4:109:Infinity":29,"s:113:8:116:8":30,"f:113:16:113:34":7,"s:114:4:114:Infinity":31,"s:115:4:115:Infinity":32,"s:119:8:123:8":33,"f:119:15:119:33":8,"s:120:4:120:Infinity":34,"s:121:4:121:Infinity":35,"s:122:4:122:Infinity":36,"s:126:8:131:27":37,"f:126:16:126:34":9,"s:127:4:127:Infinity":38,"s:128:4:128:Infinity":39,"s:129:4:129:Infinity":40,"s:130:4:130:Infinity":41,"s:134:8:140:8":42,"f:134:18:134:31":10,"s:135:28:135:Infinity":43,"s:136:4:136:Infinity":44,"s:137:4:137:Infinity":45,"s:138:4:138:Infinity":46,"s:139:4:139:Infinity":47,"s:142:2:161:Infinity":48}}}
}
